<?xml version="1.0" encoding="UTF-8"?>
<!-- Generated by org.testng.reporters.JUnitXMLReporter -->
<testsuite hostname="Andrei" ignored="0" name="TestAutomation" tests="3" failures="0" timestamp="01 окт 2018 16:27:14 GMT" time="139.858" errors="0">
  <testcase name="testHomePage" time="3.997" classname="com.facebook.tests.FacebookHomePageTest"/>
  <testcase name="testSearch" time="52.286" classname="com.facebook.tests.FacebookSearchTest"/>
  <testcase name="testSearch" time="42.053" classname="com.facebook.tests.FacebookSearchTest"/>
</testsuite> <!-- TestAutomation -->
